\BOOKMARK [1][-]{section.1}{\376\377\000I\000n\000t\000r\000o\000d\000u\000c\000t\000i\000o\000n}{}% 1
\BOOKMARK [1][-]{section.2}{\376\377\000R\000e\000l\000a\000t\000e\000d\000\040\000W\000o\000r\000k}{}% 2
\BOOKMARK [2][-]{subsection.2.1}{\376\377\000D\000i\000v\000i\000d\000e\000-\000a\000n\000d\000-\000c\000o\000n\000q\000u\000e\000r\000\040\000A\000l\000g\000o\000r\000i\000t\000h\000m}{section.2}% 3
\BOOKMARK [2][-]{subsection.2.2}{\376\377\000C\000a\000c\000h\000e\000\040\000B\000e\000h\000a\000v\000i\000o\000r}{section.2}% 4
\BOOKMARK [1][-]{section.3}{\376\377\000P\000r\000e\000l\000i\000m\000i\000n\000a\000r\000y}{}% 5
\BOOKMARK [2][-]{subsection.3.1}{\376\377\000M\000a\000t\000r\000i\000x\000\040\000M\000u\000l\000t\000i\000p\000l\000i\000c\000a\000t\000i\000o\000n}{section.3}% 6
\BOOKMARK [2][-]{subsection.3.2}{\376\377\000E\000x\000e\000c\000u\000t\000i\000o\000n\000\040\000T\000i\000m\000e}{section.3}% 7
\BOOKMARK [2][-]{subsection.3.3}{\376\377\000F\000L\000O\000P}{section.3}% 8
\BOOKMARK [1][-]{section.4}{\376\377\000O\000u\000r\000\040\000M\000e\000t\000h\000o\000d}{}% 9
\BOOKMARK [2][-]{subsection.4.1}{\376\377\000R\000e\000o\000r\000d\000e\000r\000i\000n\000g\000\040\000L\000o\000o\000p\000s}{section.4}% 10
\BOOKMARK [2][-]{subsection.4.2}{\376\377\000M\000a\000t\000r\000i\000x\000\040\000B\000l\000o\000c\000k\000i\000n\000g}{section.4}% 11
\BOOKMARK [3][-]{subsubsection.4.2.1}{\376\377\000m\000a\000t\000m\000u\000l\000\040\000b\000l\000o\000c\000k\000M\000a\000t\000r\000i\000x\000\040\0002\000x\0002\000\050\000m\000a\000t\000r\000i\000x\0001\000,\000\040\000m\000a\000t\000r\000i\000x\0002\000\051}{subsection.4.2}% 12
\BOOKMARK [3][-]{subsubsection.4.2.2}{\376\377\000m\000a\000t\000m\000u\000l\000\040\000b\000l\000o\000c\000k\000M\000a\000t\000r\000i\000x\000\050\000m\000a\000t\000r\000i\000x\0001\000,\000\040\000m\000a\000t\000r\000i\000x\0002\000\051}{subsection.4.2}% 13
\BOOKMARK [2][-]{subsection.4.3}{\376\377\000S\000t\000r\000a\000s\000s\000e\000n\000'\000s\000\040\000A\000l\000g\000o\000r\000i\000t\000h\000m}{section.4}% 14
\BOOKMARK [2][-]{subsection.4.4}{\376\377\000M\000a\000t\000r\000i\000x\000\040\000B\000l\000o\000c\000k\000i\000n\000g\000\040\000w\000i\000t\000h\000\040\000I\000n\000s\000t\000r\000u\000c\000t\000i\000o\000n\000\040\000S\000e\000t\000\040\000O\000p\000t\000i\000m\000i\000z\000a\000t\000i\000o\000n\000\040\000a\000n\000d\000\040\000P\000a\000r\000a\000l\000l\000e\000l\000i\000z\000a\000t\000i\000o\000n\000\040\000T\000e\000c\000h\000n\000i\000q\000u\000e\000s}{section.4}% 15
\BOOKMARK [3][-]{subsubsection.4.4.1}{\376\377\000P\000a\000r\000a\000l\000l\000e\000l\000i\000z\000a\000t\000i\000o\000n}{subsection.4.4}% 16
\BOOKMARK [3][-]{subsubsection.4.4.2}{\376\377\000I\000n\000s\000t\000r\000u\000c\000t\000i\000o\000n\000\040\000S\000e\000t\000\040\000O\000p\000t\000i\000m\000i\000z\000a\000t\000i\000o\000n}{subsection.4.4}% 17
\BOOKMARK [1][-]{section.5}{\376\377\000E\000x\000p\000e\000r\000i\000m\000e\000n\000t\000s}{}% 18
\BOOKMARK [2][-]{subsection.5.1}{\376\377\000P\000l\000a\000t\000f\000o\000r\000m}{section.5}% 19
\BOOKMARK [2][-]{subsection.5.2}{\376\377\000C\000h\000a\000n\000g\000e\000\040\000t\000h\000e\000\040\000L\000o\000o\000p\000\040\000O\000r\000d\000e\000r}{section.5}% 20
\BOOKMARK [3][-]{subsubsection.5.2.1}{\376\377\000W\000i\000t\000h\000\040\000t\000h\000e\000\040\000i\000n\000c\000r\000e\000a\000s\000e\000\040\000i\000n\000\040\000m\000a\000t\000r\000i\000x\000\040\000s\000i\000z\000e\000,\000\040\000t\000h\000e\000\040\000t\000i\000m\000e\000\040\000c\000o\000n\000s\000u\000m\000p\000t\000i\000o\000n\000\040\000o\000f\000\040\000b\000o\000t\000h\000\040\000a\000l\000g\000o\000r\000i\000t\000h\000m\000s\000\040\000i\000n\000c\000r\000e\000a\000s\000e\000s\000.\000\040\000H\000o\000w\000e\000v\000e\000r\000,\000\040\000t\000h\000e\000\040\000l\000o\000o\000p\000\040\000o\000p\000t\000i\000m\000i\000z\000a\000t\000i\000o\000n\000\040\000a\000l\000g\000o\000r\000i\000t\000h\000m\000\040\000p\000e\000r\000f\000o\000r\000m\000s\000\040\000b\000e\000t\000t\000e\000r\000\040\000t\000h\000a\000n\000\040\000t\000h\000e\000\040\000n\000a\000i\000v\000e\000\040\000b\000r\000u\000t\000e\000-\000f\000o\000r\000c\000e\000\040\000a\000l\000g\000o\000r\000i\000t\000h\000m\000,\000\040\000t\000a\000k\000i\000n\000g\000\040\000l\000e\000s\000s\000e\000r\000\040\000t\000i\000m\000e}{subsection.5.2}% 21
\BOOKMARK [3][-]{subsubsection.5.2.2}{\376\377\000\040\000W\000i\000t\000h\000\040\000t\000h\000e\000\040\000i\000n\000c\000r\000e\000a\000s\000e\000\040\000i\000n\000\040\000m\000a\000t\000r\000i\000x\000\040\000s\000i\000z\000e\000,\000\040\000c\000h\000a\000n\000g\000e\000s\000\040\000i\000n\000\040\000t\000h\000e\000\040\000f\000l\000o\000a\000t\000i\000n\000g\000-\000p\000o\000i\000n\000t\000\040\000f\000r\000a\000m\000e\000\040\000r\000a\000t\000e\000\040\000o\000f\000\040\000b\000o\000t\000h\000\040\000a\000l\000g\000o\000r\000i\000t\000h\000m\000s\000\040\000d\000i\000f\000f\000e\000r\000:\000\040\000T\000h\000e\000\040\000f\000l\000o\000a\000t\000i\000n\000g\000-\000p\000o\000i\000n\000t\000\040\000f\000r\000a\000m\000e\000\040\000r\000a\000t\000e\000\040\000o\000f\000\040\000t\000h\000e\000\040\000n\000a\000i\000v\000e\000\040\000b\000r\000u\000t\000e\000-\000f\000o\000r\000c\000e\000\040\000a\000l\000g\000o\000r\000i\000t\000h\000m\000\040\000f\000i\000r\000s\000t\000\040\000i\000n\000c\000r\000e\000a\000s\000e\000s\000\040\000a\000n\000d\000\040\000t\000h\000e\000n\000\040\000d\000e\000c\000r\000e\000a\000s\000e\000s\000,\000\040\000w\000h\000i\000l\000e\000\040\000t\000h\000a\000t\000\040\000o\000f\000\040\000t\000h\000e\000\040\000l\000o\000o\000p\000\040\000o\000p\000t\000i\000m\000i\000z\000a\000t\000i\000o\000n\000\040\000a\000l\000g\000o\000r\000i\000t\000h\000m\000\040\000f\000i\000r\000s\000t\000\040\000i\000n\000c\000r\000e\000a\000s\000e\000s\000\040\000a\000n\000d\000\040\000t\000h\000e\000n\000\040\000g\000r\000a\000d\000u\000a\000l\000l\000y\000\040\000s\000t\000a\000b\000i\000l\000i\000z\000e\000s}{subsection.5.2}% 22
\BOOKMARK [2][-]{subsection.5.3}{\376\377\000S\000t\000r\000a\000s\000s\000e\000n\000'\000s\000\040\000A\000l\000g\000o\000r\000i\000t\000h\000m}{section.5}% 23
\BOOKMARK [2][-]{subsection.5.4}{\376\377\000M\000a\000t\000r\000i\000x\000\040\000B\000l\000o\000c\000k\000i\000n\000g\000\040\000w\000i\000t\000h\000\040\000I\000n\000s\000t\000r\000u\000c\000t\000i\000o\000n\000\040\000S\000e\000t\000\040\000O\000p\000t\000i\000m\000i\000z\000a\000t\000i\000o\000n\000\040\000a\000n\000d\000\040\000P\000a\000r\000a\000l\000l\000e\000l\000i\000z\000a\000t\000i\000o\000n\000\040\000T\000e\000c\000h\000n\000i\000q\000u\000e\000s}{section.5}% 24
\BOOKMARK [2][-]{subsection.5.5}{\376\377\000E\000r\000r\000o\000r}{section.5}% 25
\BOOKMARK [2][-]{subsection.5.6}{\376\377\000D\000i\000f\000f\000e\000r\000e\000n\000t\000\040\000P\000l\000a\000t\000f\000o\000r\000m}{section.5}% 26
\BOOKMARK [1][-]{section.6}{\376\377\000C\000o\000n\000c\000l\000u\000s\000i\000o\000n}{}% 27
\BOOKMARK [1][-]{section*.1}{\376\377\000R\000e\000f\000e\000r\000e\000n\000c\000e\000s}{}% 28
